<?xml version="1.0" encoding="UTF-8"?>
<!-- Generated by org.testng.reporters.JUnitReportReporter -->
<testsuite skipped="0" hostname="DLDB0016" name="qaittesting.Tatoc_TestNg.TATOC_test" tests="6" failures="0" timestamp="25 Jun 2018 11:23:54 GMT" time="3.281" errors="0">
  <testcase name="test01" time="0.191" classname="qaittesting.Tatoc_TestNg.TATOC_test"/>
  <testcase name="test06" time="0.220" classname="qaittesting.Tatoc_TestNg.TATOC_test"/>
  <testcase name="test03" time="0.945" classname="qaittesting.Tatoc_TestNg.TATOC_test"/>
  <testcase name="test05" time="1.442" classname="qaittesting.Tatoc_TestNg.TATOC_test"/>
  <testcase name="test02" time="0.222" classname="qaittesting.Tatoc_TestNg.TATOC_test"/>
  <testcase name="test04" time="0.261" classname="qaittesting.Tatoc_TestNg.TATOC_test"/>
</testsuite> <!-- qaittesting.Tatoc_TestNg.TATOC_test -->
