<?xml version="1.0" encoding="UTF-8"?>
<!-- Generated by org.testng.reporters.JUnitReportReporter -->
<testsuite skipped="0" hostname="DLDB0016" name="qaittesting.hrisTestNg.TATOC_test" tests="6" failures="0" timestamp="25 Jun 2018 11:19:27 GMT" time="3.250" errors="0">
  <testcase name="test01" time="0.179" classname="qaittesting.hrisTestNg.TATOC_test"/>
  <testcase name="test06" time="0.209" classname="qaittesting.hrisTestNg.TATOC_test"/>
  <testcase name="test03" time="0.929" classname="qaittesting.hrisTestNg.TATOC_test"/>
  <testcase name="test05" time="1.437" classname="qaittesting.hrisTestNg.TATOC_test"/>
  <testcase name="test02" time="0.238" classname="qaittesting.hrisTestNg.TATOC_test"/>
  <testcase name="test04" time="0.258" classname="qaittesting.hrisTestNg.TATOC_test"/>
</testsuite> <!-- qaittesting.hrisTestNg.TATOC_test -->
